=== Cowork Log ===
Date: 2026-03-20
Task: 売上構造分析（新規/既存 × ストック/スポット）レポート作成

Input Files:
- 新規既存成約データ_6カ年統合.xlsx (成約ベース: FY2021-FY2026)
- stock_spot_FY2021−FY2026_modified.xlsx (請求ベース: ストック/スポット区分)

Analysis Performed:
1. 新規/既存契約の年度別・月次推移分析（金額・件数・単価）
2. ストック型/スポット型売上の年度別・月次推移分析
3. サービス別の成長・減少トレンド分析（ストック型TOP10、スポット型TOP10）
4. FY2023ピーク時の構造分析と現在との比較
5. 売上34億回帰に向けた3フェーズ戦略提案
6. 推奨KPIダッシュボード策定

Output:
- 20260320_売上構造分析レポート.html (インタラクティブチャート付きHTMLレポート)

Data Notes:
- 2つのデータソースは集計軸が異なる（成約ベース vs 請求ベース）
- FY2026は10ヶ月分のデータ（2025/6〜2026/3、一部4-5月含む）
- チャーンレートは推計値（個別解約データなし）
- 全データを網羅的に取得・分析（サンプリングなし）
